# JRE version: OpenJDK Runtime Environment (21.0.9) (build 21.0.9+-14787801-b1163.94)
# Java VM: OpenJDK 64-Bit Server VM (21.0.9+-14787801-b1163.94, mixed mode, tiered, compressed oops, compressed class ptrs, g1 gc, windows-amd64)
GC Precious Log:
 CardTable entry size: 512
 Card Set container configuration: InlinePtr #cards 5 size 8 Array Of Cards #cards 12 size 40 Howl #buckets 4 coarsen threshold 1843 Howl Bitmap #cards 512 size 80 coarsen threshold 460 Card regions per heap region 1 cards per card region 2048
 CPUs: 8 total, 8 available
 Memory: 24377M
 Large Page Support: Disabled
 NUMA Support: Disabled
 Compressed Oops: Enabled (32-bit)
 Heap Region Size: 1M
 Heap Min Capacity: 8M
 Heap Initial Capacity: 382M
 Heap Max Capacity: 2G
 Pre-touch: Disabled
 Parallel Workers: 8
 Concurrent Workers: 2
 Concurrent Refinement Workers: 8
 Periodic GC: Disabled
Heap:
 garbage-first heap   total 347136K, used 145721K [0x0000000080000000, 0x0000000100000000)
  region size 1024K, 12 young (12288K), 12 survivors (12288K)
 Metaspace       used 124891K, committed 127168K, reserved 1179648K
  class space    used 17399K, committed 18496K, reserved 1048576K
GC Heap History (20 events):
Event: 33.553 GC heap before
{Heap before GC invocations=65 (full 0):
 garbage-first heap   total 347136K, used 327088K [0x0000000080000000, 0x0000000100000000)
  region size 1024K, 196 young (200704K), 13 survivors (13312K)
 Metaspace       used 124830K, committed 127168K, reserved 1179648K
  class space    used 17398K, committed 18496K, reserved 1048576K
}
Event: 33.561 GC heap after
{Heap after GC invocations=66 (full 0):
 garbage-first heap   total 347136K, used 140607K [0x0000000080000000, 0x0000000100000000)
  region size 1024K, 13 young (13312K), 13 survivors (13312K)
 Metaspace       used 124830K, committed 127168K, reserved 1179648K
  class space    used 17398K, committed 18496K, reserved 1048576K
}
Event: 33.908 GC heap before
{Heap before GC invocations=66 (full 0):
 garbage-first heap   total 347136K, used 326975K [0x0000000080000000, 0x0000000100000000)
  region size 1024K, 196 young (200704K), 13 survivors (13312K)
 Metaspace       used 124830K, committed 127168K, reserved 1179648K
  class space    used 17398K, committed 18496K, reserved 1048576K
}
Event: 33.916 GC heap after
{Heap after GC invocations=67 (full 0):
 garbage-first heap   total 347136K, used 141034K [0x0000000080000000, 0x0000000100000000)
  region size 1024K, 14 young (14336K), 14 survivors (14336K)
 Metaspace       used 124830K, committed 127168K, reserved 1179648K
  class space    used 17398K, committed 18496K, reserved 1048576K
}
Event: 34.502 GC heap before
{Heap before GC invocations=68 (full 0):
 garbage-first heap   total 347136K, used 326378K [0x0000000080000000, 0x0000000100000000)
  region size 1024K, 196 young (200704K), 14 survivors (14336K)
 Metaspace       used 124845K, committed 127168K, reserved 1179648K
  class space    used 17399K, committed 18496K, reserved 1048576K
}
Event: 34.510 GC heap after
{Heap after GC invocations=69 (full 0):
 garbage-first heap   total 347136K, used 142157K [0x0000000080000000, 0x0000000100000000)
  region size 1024K, 14 young (14336K), 14 survivors (14336K)
 Metaspace       used 124845K, committed 127168K, reserved 1179648K
  class space    used 17399K, committed 18496K, reserved 1048576K
}
Event: 34.989 GC heap before
{Heap before GC invocations=69 (full 0):
 garbage-first heap   total 347136K, used 328525K [0x0000000080000000, 0x0000000100000000)
  region size 1024K, 196 young (200704K), 14 survivors (14336K)
 Metaspace       used 124845K, committed 127168K, reserved 1179648K
  class space    used 17399K, committed 18496K, reserved 1048576K
}
Event: 34.999 GC heap after
{Heap after GC invocations=70 (full 0):
 garbage-first heap   total 347136K, used 142453K [0x0000000080000000, 0x0000000100000000)
  region size 1024K, 15 young (15360K), 15 survivors (15360K)
 Metaspace       used 124845K, committed 127168K, reserved 1179648K
  class space    used 17399K, committed 18496K, reserved 1048576K
}
Event: 35.475 GC heap before
{Heap before GC invocations=70 (full 0):
 garbage-first heap   total 347136K, used 326773K [0x0000000080000000, 0x0000000100000000)
  region size 1024K, 196 young (200704K), 15 survivors (15360K)
 Metaspace       used 124861K, committed 127168K, reserved 1179648K
  class space    used 17399K, committed 18496K, reserved 1048576K
}
Event: 35.489 GC heap after
{Heap after GC invocations=71 (full 0):
 garbage-first heap   total 347136K, used 143664K [0x0000000080000000, 0x0000000100000000)
  region size 1024K, 15 young (15360K), 15 survivors (15360K)
 Metaspace       used 124861K, committed 127168K, reserved 1179648K
  class space    used 17399K, committed 18496K, reserved 1048576K
}
Event: 35.923 GC heap before
{Heap before GC invocations=72 (full 0):
 garbage-first heap   total 347136K, used 326960K [0x0000000080000000, 0x0000000100000000)
  region size 1024K, 195 young (199680K), 15 survivors (15360K)
 Metaspace       used 124861K, committed 127168K, reserved 1179648K
  class space    used 17399K, committed 18496K, reserved 1048576K
}
Event: 35.931 GC heap after
{Heap after GC invocations=73 (full 0):
 garbage-first heap   total 347136K, used 143795K [0x0000000080000000, 0x0000000100000000)
  region size 1024K, 14 young (14336K), 14 survivors (14336K)
 Metaspace       used 124861K, committed 127168K, reserved 1179648K
  class space    used 17399K, committed 18496K, reserved 1048576K
}
Event: 36.173 GC heap before
{Heap before GC invocations=73 (full 0):
 garbage-first heap   total 347136K, used 327091K [0x0000000080000000, 0x0000000100000000)
  region size 1024K, 194 young (198656K), 14 survivors (14336K)
 Metaspace       used 124861K, committed 127168K, reserved 1179648K
  class space    used 17399K, committed 18496K, reserved 1048576K
}
Event: 36.183 GC heap after
{Heap after GC invocations=74 (full 0):
 garbage-first heap   total 347136K, used 143600K [0x0000000080000000, 0x0000000100000000)
  region size 1024K, 14 young (14336K), 14 survivors (14336K)
 Metaspace       used 124861K, committed 127168K, reserved 1179648K
  class space    used 17399K, committed 18496K, reserved 1048576K
}
Event: 36.478 GC heap before
{Heap before GC invocations=74 (full 0):
 garbage-first heap   total 347136K, used 326896K [0x0000000080000000, 0x0000000100000000)
  region size 1024K, 194 young (198656K), 14 survivors (14336K)
 Metaspace       used 124882K, committed 127168K, reserved 1179648K
  class space    used 17399K, committed 18496K, reserved 1048576K
}
Event: 36.487 GC heap after
{Heap after GC invocations=75 (full 0):
 garbage-first heap   total 347136K, used 144667K [0x0000000080000000, 0x0000000100000000)
  region size 1024K, 13 young (13312K), 13 survivors (13312K)
 Metaspace       used 124882K, committed 127168K, reserved 1179648K
  class space    used 17399K, committed 18496K, reserved 1048576K
}
Event: 36.821 GC heap before
{Heap before GC invocations=76 (full 0):
 garbage-first heap   total 347136K, used 326939K [0x0000000080000000, 0x0000000100000000)
  region size 1024K, 192 young (196608K), 13 survivors (13312K)
 Metaspace       used 124882K, committed 127168K, reserved 1179648K
  class space    used 17399K, committed 18496K, reserved 1048576K
}
Event: 36.830 GC heap after
{Heap after GC invocations=77 (full 0):
 garbage-first heap   total 347136K, used 144532K [0x0000000080000000, 0x0000000100000000)
  region size 1024K, 12 young (12288K), 12 survivors (12288K)
 Metaspace       used 124882K, committed 127168K, reserved 1179648K
  class space    used 17399K, committed 18496K, reserved 1048576K
}
Event: 37.083 GC heap before
{Heap before GC invocations=77 (full 0):
 garbage-first heap   total 347136K, used 326804K [0x0000000080000000, 0x0000000100000000)
  region size 1024K, 191 young (195584K), 12 survivors (12288K)
 Metaspace       used 124891K, committed 127168K, reserved 1179648K
  class space    used 17399K, committed 18496K, reserved 1048576K
}
Event: 37.092 GC heap after
{Heap after GC invocations=78 (full 0):
 garbage-first heap   total 347136K, used 145033K [0x0000000080000000, 0x0000000100000000)
  region size 1024K, 12 young (12288K), 12 survivors (12288K)
 Metaspace       used 124891K, committed 127168K, reserved 1179648K
  class space    used 17399K, committed 18496K, reserved 1048576K
}

